Running session scheduler...
Using database: C:\Users\USER\TA23B-B3-projekt\database\db.sqlite
Expired sessions deleted: 0
Sessions deleted beyond 7 days: 0
Past times skipped: 2625
New sessions inserted: 0
Scheduler finished.
Running session scheduler...
Using database: C:\Users\USER\TA23B-B3-projekt\database\db.sqlite
Scheduler failed: FOREIGN KEY constraint failed
Running session scheduler...
Using database: C:\Users\USER\TA23B-B3-projekt\database\db.sqlite
Expired sessions deleted: 0
Sessions deleted beyond 7 days: 0
Duplicate sessions removed: 0
Past times skipped: 100
Sessions inserted: 0
Sessions updated: 0
Slots locked by tickets: 2
Scheduler finished.
Running session scheduler...
Using database: C:\Users\USER\TA23B-B3-projekt\database\db.sqlite
Expired sessions deleted: 97
Sessions deleted beyond 7 days: 0
Duplicate sessions removed: 0
Past times skipped: 100
Sessions inserted: 100
Sessions updated: 500
Slots locked by tickets: 0
Scheduler finished.
Running session scheduler...
Using database: C:\Users\USER\TA23B-B3-projekt\database\db.sqlite
Expired sessions deleted: 100
Sessions deleted beyond 7 days: 0
Duplicate sessions removed: 0
Past times skipped: 100
Sessions inserted: 100
Sessions updated: 500
Slots locked by tickets: 0
Scheduler finished.
Running session scheduler...
Using database: C:\Users\USER\TA23B-B3-projekt\database\db.sqlite
Expired sessions deleted: 600
Sessions deleted beyond 7 days: 0
Duplicate sessions removed: 0
Past times skipped: 125
Sessions inserted: 575
Sessions updated: 0
Slots locked by tickets: 0
Scheduler finished.
Running session scheduler...
Using database: c:\Users\USER\TA23B-B3-projekt\database\db.sqlite
Expired sessions deleted: 274
Sessions deleted beyond 7 days: 0
Duplicate sessions removed: 0
Past times skipped: 125
Sessions inserted: 300
Sessions updated: 0
Slots locked by tickets: 0
Scheduler finished.
Running session scheduler...
Using database: C:\Users\USER\TA23B-B3-projekt\database\db.sqlite
Expired sessions deleted: 395
Sessions deleted beyond 7 days: 0
Duplicate sessions removed: 0
Past times skipped: 100
Sessions inserted: 400
Sessions updated: 200
Slots locked by tickets: 0
Scheduler finished.
Running session scheduler...
Using database: c:\Users\USER\TA23B-B3-projekt\database\db.sqlite
Expired sessions deleted: 400
Sessions deleted beyond 7 days: 0
Duplicate sessions removed: 0
Past times skipped: 125
Sessions inserted: 400
Sessions updated: 175
Slots locked by tickets: 0
Scheduler finished.
Running session scheduler...
Using database: c:\Users\USER\TA23B-B3-projekt\database\db.sqlite
Expired sessions deleted: 0
Sessions deleted beyond 7 days: 0
Duplicate sessions removed: 0
Past times skipped: 125
Sessions inserted: 0
Sessions updated: 0
Slots locked by tickets: 0
Scheduler finished.
Running session scheduler...
Using database: c:\Users\USER\TA23B-B3-projekt\database\db.sqlite
Expired sessions deleted: 0
Sessions deleted beyond 7 days: 0
Duplicate sessions removed: 0
Past times skipped: 125
Sessions inserted: 0
Sessions updated: 0
Slots locked by tickets: 0
Scheduler finished.
Running session scheduler...
Using database: C:\Users\USER\TA23B-B3-projekt\database\db.sqlite
Expired sessions deleted: 600
Sessions deleted beyond 7 days: 0
Duplicate sessions removed: 0
Past times skipped: 100
Sessions inserted: 600
Sessions updated: 0
Slots locked by tickets: 0
Scheduler finished.
Running session scheduler...
Using database: C:\Users\USER\TA23B-B3-projekt\database\db.sqlite
Expired sessions deleted: 200
Sessions deleted beyond 7 days: 0
Duplicate sessions removed: 0
Past times skipped: 100
Sessions inserted: 200
Sessions updated: 400
Slots locked by tickets: 0
Scheduler finished.
Running session scheduler...
Using database: C:\Users\USER\TA23B-B3-projekt\database\db.sqlite
Expired sessions deleted: 200
Sessions deleted beyond 7 days: 0
Duplicate sessions removed: 0
Past times skipped: 100
Sessions inserted: 200
Sessions updated: 400
Slots locked by tickets: 0
Scheduler finished.
